<?xml version="1.0" encoding="UTF-8"?>
<testsuite xmlns:xsi="http://www.w3.org/2001/XMLSchema-instance" xsi:noNamespaceSchemaLocation="https://maven.apache.org/surefire/maven-surefire-plugin/xsd/surefire-test-report.xsd" name="my_sweet_management_system.TestFeatures" time="4.058" tests="89" errors="0" skipped="0" failures="0">
  <properties>
[...]
</properties>
  <testcase name="Admin monitors profits and generates financial reports" classname="Monitoring and Reporting" time="0.328"/>
  <testcase name="Admin identifies best-selling products in each store" classname="Monitoring and Reporting" time="0.086"/>
  <testcase name="Admin gathers and displays statistics on registered users by city" classname="Monitoring and Reporting" time="0.033"/>
  <testcase name="Admin adds a recipe" classname="Content Management and Feedback" time="0.131"/>
  <testcase name="Admin updates a recipe" classname="Content Management and Feedback" time="0.023"/>
  <testcase name="Admin deletes a recipe" classname="Content Management and Feedback" time="0.018"/>
  <testcase name="Admin views a recipe" classname="Content Management and Feedback" time="0.021"/>
  <testcase name="Admin adds a post" classname="Content Management and Feedback" time="0.017"/>
  <testcase name="Admin updates a post" classname="Content Management and Feedback" time="0.019"/>
  <testcase name="Admin deletes a post" classname="Content Management and Feedback" time="0.025"/>
  <testcase name="Admin views user feedback" classname="Content Management and Feedback" time="0.02"/>
  <testcase name="Admin responds to feedback" classname="Content Management and Feedback" time="0.022"/>
  <testcase name="Admin adds a new  owner" classname="Accounts" time="0.029"/>
  <testcase name="Admin tries to add a owner with an existing id" classname="Accounts" time="0.037"/>
  <testcase name="Admin adds a new user" classname="Accounts" time="0.017"/>
  <testcase name="Admin tries to add a user with an existing id" classname="Accounts" time="0.016"/>
  <testcase name="Admin adds a new supplier" classname="Accounts" time="0.017"/>
  <testcase name="Admin tries to add a supplier with an existing id" classname="Accounts" time="0.021"/>
  <testcase name="Admin updates a  owner&apos;s details" classname="Accounts" time="0.026"/>
  <testcase name="Admin tries to update a  owner with a non-existing id" classname="Accounts" time="0.02"/>
  <testcase name="Admin updates a user&apos;s details" classname="Accounts" time="0.019"/>
  <testcase name="Admin tries to update a user with a non-existing id" classname="Accounts" time="0.021"/>
  <testcase name="Admin updates a supplier&apos;s details" classname="Accounts" time="0.022"/>
  <testcase name="Admin tries to update a supplier with a non-existing id" classname="Accounts" time="0.016"/>
  <testcase name="Admin deletes a owner" classname="Accounts" time="0.013"/>
  <testcase name="Admin tries to delete a owner with a non-existing id" classname="Accounts" time="0.018"/>
  <testcase name="Admin deletes a user" classname="Accounts" time="0.011"/>
  <testcase name="Admin tries to delete a user with a non-existing id" classname="Accounts" time="0.024"/>
  <testcase name="Admin deletes a supplier" classname="Accounts" time="0.012"/>
  <testcase name="Admin tries to delete a supplier with a non-existing id" classname="Accounts" time="0.023"/>
  <testcase name="Search for a product by ID and found it #1" classname="Product Search" time="0.012"/>
  <testcase name="Search for a product by ID and found it #2" classname="Product Search" time="0.01"/>
  <testcase name="Search for a product by ID but not found" classname="Product Search" time="0.008"/>
  <testcase name="Search for a product by name and found it" classname="Product Search" time="0.007"/>
  <testcase name="Search for a product by name but name not found" classname="Product Search" time="0.011"/>
  <testcase name="Search for a product by description or part of it and found it" classname="Product Search" time="0.012"/>
  <testcase name="Search for a product by description and not found" classname="Product Search" time="0.007"/>
  <testcase name="Search for a product by availability" classname="Product Search" time="0.007"/>
  <testcase name="Search for a product by availability but not found" classname="Product Search" time="0.008"/>
  <testcase name="owner show all product" classname="Product Search" time="0.01"/>
  <testcase name="Supplier tries to send a message to a non-existing owner" classname="Supplier Communication" time="0.01"/>
  <testcase name="Supplier successfully sends a message to an existing owner" classname="Supplier Communication" time="0.008"/>
  <testcase name="Store owner sends a message to a user" classname="Communication and Notification" time="0.01"/>
  <testcase name="Supplier sends a message to a store owner" classname="Communication and Notification" time="0.008"/>
  <testcase name="Supplier receives a notification for a special request via email" classname="Communication and Notification" time="0.011"/>
  <testcase name="User receives a message from a store owner" classname="Communication and Notification" time="0.011"/>
  <testcase name="User receives a message from a supplier" classname="Communication and Notification" time="0.009"/>
  <testcase name="Manage account details and update business information" classname="Communication and Notification" time="0.01"/>
  <testcase name="Supplier updates account details" classname="Communication and Notification" time="0.013"/>
  <testcase name="Store owner processes an order" classname="Communication and Notification" time="0.008"/>
  <testcase name="Supplier tracks an order status" classname="Communication and Notification" time="0.007"/>
  <testcase name="Customer cancels an order" classname="Communication and Notification" time="0.008"/>
  <testcase name="owner can add order" classname="Order" time="0.009"/>
  <testcase name="owner enters an ID that already exists" classname="Order" time="0.01"/>
  <testcase name="owner can delete order" classname="Order" time="0.01"/>
  <testcase name="owner enters an ID that does not exist to delete" classname="Order" time="0.01"/>
  <testcase name="Owner updates an existing order&apos;s details" classname="Order" time="0.018"/>
  <testcase name="Owner tries to update an order with a non-existing orderId" classname="Order" time="0.011"/>
  <testcase name="Implement dynamic discounts" classname="Store Owner Management" time="0.014"/>
  <testcase name="Apply discount to an order" classname="Store Owner Management" time="0.01"/>
  <testcase name="owner can add product" classname="product" time="0.02"/>
  <testcase name="owner enters an ID that already exists" classname="product" time="0.011"/>
  <testcase name="owner can delete product" classname="product" time="0.013"/>
  <testcase name="owner enters an ID that does not exist to delete" classname="product" time="0.007"/>
  <testcase name="Owner updates an existing product&apos;s details" classname="product" time="0.012"/>
  <testcase name="Owner tries to update a product with a non-existing productId" classname="product" time="0.011"/>
  <testcase name="User browses and searches for dessert recipes" classname="Beneficiary User Exploration and Purchase" time="0.013"/>
  <testcase name="User filters recipes based on dietary needs or food allergies" classname="Beneficiary User Exploration and Purchase" time="0.012"/>
  <testcase name="Purchase desserts directly from store owners" classname="Beneficiary User Exploration and Purchase" time="0.02"/>
  <testcase name="Directly communicate with store owners and suppliers for inquiries or assistance" classname="Beneficiary User Exploration and Purchase" time="0.011"/>
  <testcase name="Provide feedback on purchased products" classname="Beneficiary User Exploration and Purchase" time="0.025"/>
  <testcase name="Provide feedback on shared recipes" classname="Beneficiary User Exploration and Purchase" time="0.016"/>
  <testcase name="Sign up for a new account" classname="Beneficiary User Account Management" time="0.012"/>
  <testcase name="Sign in to the platform" classname="Beneficiary User Account Management" time="0.013"/>
  <testcase name="Manage personal account details" classname="Beneficiary User Account Management" time="0.017"/>
  <testcase name="Post and share personal dessert creations" classname="Beneficiary User Account Management" time="0.015"/>
  <testcase name="User logs in successfully" classname="User Login" time="0.011"/>
  <testcase name="User enters incorrect password" classname="User Login" time="0.011"/>
  <testcase name="User tries to log in with an unregistered username" classname="User Login" time="0.007"/>
  <testcase name="empty fields" classname="User Login" time="0.008"/>
  <testcase name="Attempting to sign up with an existing username" classname="User Registration" time="0.018"/>
  <testcase name="Attempting to sign up with mismatched passwords" classname="User Registration" time="0.007"/>
  <testcase name="Attempting to sign up with empty fields" classname="User Registration" time="0.012"/>
  <testcase name="Successful registration with valid details and specific role" classname="User Registration" time="0.011"/>
  <testcase name="Errors with input #1" classname="User Registration" time="0.008"/>
  <testcase name="Errors with input #2" classname="User Registration" time="0.012"/>
  <testcase name="Errors with input #3" classname="User Registration" time="0.011"/>
  <testcase name="Errors with input #4" classname="User Registration" time="0.007"/>
  <testcase name="User attempts to register with a duplicate email" classname="User Registration" time="0.007"/>
</testsuite>